Copyright 1986-2018 Xilinx, Inc. All Rights Reserved.
----------------------------------------------------------------------------------------
| Tool Version : Vivado v.2018.2 (win64) Build 2258646 Thu Jun 14 20:03:12 MDT 2018
| Date         : Mon Oct 27 20:14:44 2025
| Host         : LAPTOP-6SDBUB5E running 64-bit major release  (build 9200)
| Command      : report_control_sets -verbose -file Top_student_control_sets_placed.rpt
| Design       : Top_student
| Device       : xc7a35t
----------------------------------------------------------------------------------------

Control Set Information

Table of Contents
-----------------
1. Summary
2. Histogram
3. Flip-Flop Distribution
4. Detailed Control Set Information

1. Summary
----------

+----------------------------------------------------------+-------+
|                          Status                          | Count |
+----------------------------------------------------------+-------+
| Number of unique control sets                            |    82 |
| Unused register locations in slices containing registers |   240 |
+----------------------------------------------------------+-------+


2. Histogram
------------

+--------+--------------+
| Fanout | Control Sets |
+--------+--------------+
|      4 |            1 |
|      8 |           11 |
|     10 |           11 |
|     12 |           14 |
|     14 |           16 |
|    16+ |           29 |
+--------+--------------+


3. Flip-Flop Distribution
-------------------------

+--------------+-----------------------+------------------------+-----------------+--------------+
| Clock Enable | Synchronous Set/Reset | Asynchronous Set/Reset | Total Registers | Total Slices |
+--------------+-----------------------+------------------------+-----------------+--------------+
| No           | No                    | No                     |             204 |           46 |
| No           | No                    | Yes                    |              40 |            7 |
| No           | Yes                   | No                     |             276 |           44 |
| Yes          | No                    | No                     |             250 |           42 |
| Yes          | No                    | Yes                    |              26 |            6 |
| Yes          | Yes                   | No                     |            1028 |          232 |
+--------------+-----------------------+------------------------+-----------------+--------------+


4. Detailed Control Set Information
-----------------------------------

+----------------+-----------------------------------------------------------------------+------------------------------------------------------+------------------+----------------+
|  Clock Signal  |                             Enable Signal                             |                   Set/Reset Signal                   | Slice Load Count | Bel Load Count |
+----------------+-----------------------------------------------------------------------+------------------------------------------------------+------------------+----------------+
| ~clk_625_BUFG  |                                                                       |                                                      |                2 |              4 |
|  clk_625_BUFG  | st/pl/sc/b                                                            | st/pl/sc/a[3]_i_1_n_0                                |                1 |              8 |
|  clk_625_BUFG  | st/pl/sc/c                                                            | st/pl/sc/a[3]_i_1_n_0                                |                1 |              8 |
|  clk_IBUF_BUFG |                                                                       |                                                      |                1 |              8 |
|  clk_625_BUFG  |                                                                       | st/pl/pu/red_flag                                    |                1 |              8 |
|  clk_625_BUFG  | st/pl/u2/u_enemy_master/enemy5/enemy_move_inst/anchor_x[6]_i_2__3_n_0 | st/pl/u2/u_enemy_master/u_reset/SS[0]                |                2 |              8 |
|  clk_625_BUFG  | st/pl/u2/u_enemy_master/enemy3/enemy_move_inst/anchor_x[6]_i_2__1_n_0 | st/pl/u2/u_enemy_master/u_reset/anchor_x_reg[6]_1[0] |                1 |              8 |
|  clk_625_BUFG  | st/pl/u2/u_enemy_master/enemy2/enemy_move_inst/anchor_x[6]_i_2__0_n_0 | st/pl/u2/u_enemy_master/u_reset/anchor_x_reg[6]_0[0] |                2 |              8 |
|  clk_625_BUFG  | st/pl/u2/u_enemy_master/enemy4/enemy_move_inst/anchor_x[6]_i_2__2_n_0 | st/pl/u2/u_enemy_master/u_reset/anchor_x_reg[6]_2[0] |                1 |              8 |
|  clk_625_BUFG  | st/pl/u2/u_enemy_master/enemy1/enemy_move_inst/anchor_x[6]_i_2_n_0    | st/pl/u2/u_enemy_master/u_reset/anchor_x_reg[6][0]   |                2 |              8 |
|  clk_625_BUFG  | st/pl/sc/d[3]_i_1_n_0                                                 | st/pl/sc/a[3]_i_1_n_0                                |                1 |              8 |
|  clk_625_BUFG  | st/pl/sc/a[3]_i_2_n_0                                                 | st/pl/sc/a[3]_i_1_n_0                                |                1 |              8 |
|  clk_625_BUFG  |                                                                       | st/pl/sc/seg2[6]_i_1_n_0                             |                1 |             10 |
|  clk_625_BUFG  |                                                                       | st/pl/sc/seg1[6]_i_1_n_0                             |                2 |             10 |
|  clk_625_BUFG  |                                                                       | st/pl/sc/seg3[6]_i_1_n_0                             |                1 |             10 |
|  clk_625_BUFG  |                                                                       | st/pl/u2/u_enemy_master/u_reset/SS[1]                |                3 |             10 |
|  clk_625_BUFG  |                                                                       | st/pl/sc/seg4[6]_i_1_n_0                             |                1 |             10 |
|  clk_625_BUFG  | st/pl/u2/u_enemy_master/enemy3/enemy_move_inst/anchor_x[8]_i_1_n_0    | st/pl/u2/u_enemy_master/u_reset/SS[1]                |                3 |             10 |
|  clk_625_BUFG  | st/pl/bu/frame_count_reg[4]_0                                         | st/pl/bu/fire                                        |                2 |             10 |
|  clk_625_BUFG  | st/pl/u2/u_enemy_master/enemy5/enemy_move_inst/anchor_x[8]_i_1_n_0    | st/pl/u2/u_enemy_master/u_reset/SS[1]                |                2 |             10 |
|  clk_625_BUFG  | st/pl/u2/u_enemy_master/enemy2/enemy_move_inst/anchor_x[8]_i_1_n_0    | st/pl/u2/u_enemy_master/u_reset/SS[1]                |                2 |             10 |
|  clk_625_BUFG  | st/pl/u2/u_enemy_master/enemy4/enemy_move_inst/anchor_x[8]_i_1_n_0    | st/pl/u2/u_enemy_master/u_reset/SS[1]                |                2 |             10 |
|  clk_625_BUFG  | st/pl/u2/u_enemy_master/enemy1/enemy_move_inst/anchor_x[8]_i_2_n_0    | st/pl/u2/u_enemy_master/u_reset/SS[1]                |                2 |             10 |
|  clk_625_BUFG  | st/pl/u2/u_enemy_master/u_reset/random_num_3[5]_i_1_n_0               |                                                      |                2 |             12 |
|  clk_625_BUFG  | st/pl/u2/u_enemy_master/u_reset/random_num_2[5]_i_1_n_0               |                                                      |                2 |             12 |
|  clk_625_BUFG  | st/pl/u2/u_enemy_master/u_reset/random_num_5[5]_i_1_n_0               |                                                      |                2 |             12 |
|  clk_625_BUFG  | st/pl/u2/u_enemy_master/u_reset/accept                                |                                                      |                2 |             12 |
|  clk_625_BUFG  | st/en/y[5]_i_1__0_n_0                                                 | oled/frame_begin                                     |                2 |             12 |
|  clk_625_BUFG  | st/pl/u2/u_enemy_master/u_reset/random_num_4[5]_i_1_n_0               |                                                      |                3 |             12 |
|  clk_625_BUFG  | st/pl/u2/u_enemy_master/u_reset/anchor_y_reg[0]_2[0]                  |                                                      |                2 |             12 |
|  clk_625_BUFG  | st/pl/u2/u_enemy_master/u_reset/anchor_y_reg[0][0]                    |                                                      |                2 |             12 |
|  clk_625_BUFG  | st/pl/u2/u_enemy_master/u_reset/anchor_y_reg[0]_1[0]                  |                                                      |                2 |             12 |
|  clk_625_BUFG  | st/pl/u2/u_enemy_master/u_reset/E[0]                                  |                                                      |                2 |             12 |
|  clk_625_BUFG  | st/pl/u2/u_enemy_master/u_reset/anchor_y_reg[0]_0[0]                  |                                                      |                2 |             12 |
|  clk_625_BUFG  | st/pl/hp/HP[5]_i_1_n_0                                                | st/reset_reg_n_0                                     |                2 |             12 |
|  clk_625_BUFG  | st/sta/y[5]_i_1_n_0                                                   | oled/frame_begin                                     |                3 |             12 |
|  clk_625_BUFG  | st/pl/u2/u_enemy_master/u_reset/random_num_1[5]_i_1_n_0               |                                                      |                2 |             12 |
|  clk_625_BUFG  | st/pl/bu/bullet_xy_array[237]_i_2_n_0                                 | oled/SR[16]                                          |                6 |             14 |
|  clk_625_BUFG  | st/pl/bu/bullet_xy_array[272]_i_1_n_0                                 | oled/SR[19]                                          |                1 |             14 |
|  clk_625_BUFG  | st/pl/bu/bullet_xy_array[279]_i_2_n_0                                 | oled/SR[19]                                          |                4 |             14 |
|  clk_625_BUFG  | st/pl/bu/bullet_xy_array[27]_i_2_n_0                                  | oled/SR[1]                                           |                3 |             14 |
|  clk_625_BUFG  | st/pl/sc/counter[15]_i_1_n_0                                          |                                                      |                3 |             14 |
|  clk_625_BUFG  | st/pl/bu/bullet_xy_array[62]_i_1_n_0                                  | oled/SR[4]                                           |                2 |             14 |
|  clk_625_BUFG  | st/pl/bu/bullet_xy_array[69]_i_2_n_0                                  | oled/SR[4]                                           |                4 |             14 |
|  clk_625_BUFG  | st/pl/bu/bullet_xy_array[111]_i_2_n_0                                 | oled/SR[7]                                           |                5 |             14 |
|  clk_625_BUFG  | st/pl/bu/bullet_xy_array[104]_i_1_n_0                                 | oled/SR[7]                                           |                3 |             14 |
|  clk_625_BUFG  | st/pl/bu/bullet_xy_array[146]_i_1_n_0                                 | oled/SR[10]                                          |                3 |             14 |
|  clk_625_BUFG  | st/pl/bu/bullet_xy_array[153]_i_2_n_0                                 | oled/SR[10]                                          |                3 |             14 |
|  clk_625_BUFG  | st/pl/bu/bullet_xy_array[188]_i_1_n_0                                 | oled/SR[13]                                          |                2 |             14 |
|  clk_625_BUFG  | st/pl/bu/bullet_xy_array[20]_i_1_n_0                                  | oled/SR[1]                                           |                2 |             14 |
|  clk_625_BUFG  | st/pl/bu/bullet_xy_array[230]_i_1_n_0                                 | oled/SR[16]                                          |                5 |             14 |
|  clk_625_BUFG  | st/pl/star/centre_y                                                   | st/reset_reg_n_0                                     |                4 |             14 |
|  clk_625_BUFG  | st/pl/bu/bullet_xy_array[195]_i_2_n_0                                 | oled/SR[13]                                          |                3 |             14 |
|  clk_625_BUFG  |                                                                       | st/en/oled_data_reg[0]                               |                2 |             18 |
|  clk_625_BUFG  | st/pl/bu/bullet_xy_array[167]_i_2_n_0                                 | oled/SR[9]                                           |                8 |             28 |
|  clk_625_BUFG  | st/pl/bu/bullet_xy_array[167]_i_2_n_0                                 | oled/SR[11]                                          |                7 |             28 |
|  clk_625_BUFG  | st/pl/bu/bullet_xy_array[125]_i_2_n_0                                 | oled/SR[8]                                           |                9 |             28 |
|  clk_625_BUFG  | st/pl/bu/bullet_xy_array[125]_i_2_n_0                                 | oled/SR[6]                                           |                9 |             28 |
|  clk_625_BUFG  | st/pl/bu/bullet_xy_array[83]_i_2_n_0                                  | oled/SR[3]                                           |                7 |             28 |
|  clk_625_BUFG  | st/pl/bu/bullet_xy_array[83]_i_2_n_0                                  | oled/SR[5]                                           |                7 |             28 |
|  clk_625_BUFG  | st/pl/bu/bullet_xy_array[293]_i_2_n_0                                 | oled/SR[18]                                          |                7 |             28 |
|  clk_625_BUFG  | st/pl/bu/bullet_xy_array[293]_i_2_n_0                                 | oled/SR[20]                                          |                7 |             28 |
|  clk_625_BUFG  | st/pl/bu/bullet_xy_array[41]_i_2_n_0                                  | oled/SR[0]                                           |               10 |             28 |
|  clk_625_BUFG  | st/pl/bu/bullet_xy_array[41]_i_2_n_0                                  | oled/SR[2]                                           |                9 |             28 |
|  clk_625_BUFG  | st/pl/bu/bullet_xy_array[251]_i_2_n_0                                 | oled/SR[15]                                          |                9 |             28 |
|  clk_625_BUFG  | st/pl/bu/bullet_xy_array[209]_i_2_n_0                                 | oled/SR[14]                                          |                9 |             28 |
|  clk_625_BUFG  | st/pl/bu/bullet_xy_array[251]_i_2_n_0                                 | oled/SR[17]                                          |                8 |             28 |
|  clk_625_BUFG  | st/pl/bu/bullet_xy_array[209]_i_2_n_0                                 | oled/SR[12]                                          |                7 |             28 |
|  clk_625_BUFG  | oled/sample_pixel                                                     | oled/frame_begin                                     |               11 |             30 |
|  clk_625_BUFG  |                                                                       | st/pl/sc/counter[15]_i_1_n_0                         |                4 |             30 |
| ~clk_625_BUFG  |                                                                       | oled/frame_counter[16]_i_1_n_0                       |                4 |             32 |
|  clk_625_BUFG  | st/pl/sc/start_count_reg_n_0                                          | st/pl/sc/counter_[17]_i_1_n_0                        |                4 |             36 |
|  clk_625_BUFG  |                                                                       | st/reset_reg_n_0                                     |                7 |             40 |
| ~clk_625_BUFG  | oled/delay[0]_i_1_n_0                                                 |                                                      |                5 |             40 |
|  clk_625_BUFG  | st/u0/counter[0]_i_1__1_n_0                                           | st/u0/btn_pulse0                                     |                6 |             46 |
|  clk_625_BUFG  | st/pl/u2/u_move_pulse/cnt_reg[0]_0                                    | st/pl/u2/u_enemy_master/u_reset/cnt                  |                6 |             46 |
|  clk_625_BUFG  |                                                                       | st/pl/bu/CD[24]_i_1_n_0                              |                6 |             48 |
|  clk_625_BUFG  | st/sta/counter[0]_i_2_n_0                                             | st/sta/counter_reg[0]_0                              |                8 |             62 |
|  clk_625_BUFG  | st/pl/u2/u_move_pulse/cnt_reg[0]_0                                    | st/pl/u2/u_move_pulse/cnt[0]_i_1__0_n_0              |                8 |             64 |
| ~clk_625_BUFG  | oled/FSM_onehot_state[31]_i_1_n_0                                     |                                                      |               11 |             64 |
| ~clk_625_BUFG  |                                                                       | oled/spi_word[39]_i_1_n_0                            |               19 |             90 |
|  clk_625_BUFG  |                                                                       |                                                      |               43 |            192 |
+----------------+-----------------------------------------------------------------------+------------------------------------------------------+------------------+----------------+


