#-----------------------------------------------------------
# Vivado v2018.2 (64-bit)
# SW Build 2258646 on Thu Jun 14 20:03:12 MDT 2018
# IP Build 2256618 on Thu Jun 14 22:10:49 MDT 2018
# Start of session at: Tue Nov  4 12:58:41 2025
# Process ID: 38412
# Current directory: D:/桌面/EE2026-Star-War-main/EE2026-Star-War-main/project_123.xpr/project_1
# Command line: vivado.exe -gui_launcher_event rodinguilauncherevent3944 D:\桌面\EE2026-Star-War-main\EE2026-Star-War-main\project_123.xpr\project_1\project_1.xpr
# Log file: D:/桌面/EE2026-Star-War-main/EE2026-Star-War-main/project_123.xpr/project_1/vivado.log
# Journal file: D:/桌面/EE2026-Star-War-main/EE2026-Star-War-main/project_123.xpr/project_1\vivado.jou
#-----------------------------------------------------------
start_gui
open_project D:/桌面/EE2026-Star-War-main/EE2026-Star-War-main/project_123.xpr/project_1/project_1.xpr
INFO: [Project 1-313] Project file moved from 'C:/Users/XuZihao/Documents/GitHub/EE2026-Star-War/project_123.xpr/project_1' since last save.
CRITICAL WARNING: [Project 1-311] Could not find the file 'D:/桌面/EE2026-Star-War-main/EE2026-Star-War-main/project_123.xpr/project_1/project_1.srcs/sources_1/imports/Integration/FDPvivado1.srcs/FDPvivado1.srcs/sources_1/new/enemy_master.v', nor could it be found using path 'C:/Users/XuZihao/Documents/GitHub/EE2026-Star-War/project_123.xpr/project_1/project_1.srcs/sources_1/imports/Integration/FDPvivado1.srcs/FDPvivado1.srcs/sources_1/new/enemy_master.v'.
CRITICAL WARNING: [Project 1-311] Could not find the file 'D:/桌面/EE2026-Star-War-main/EE2026-Star-War-main/project_123.xpr/project_1/project_1.srcs/sources_1/imports/Integration/FDPvivado1.srcs/FDPvivado1.srcs/sources_1/new/enemy_move.v', nor could it be found using path 'C:/Users/XuZihao/Documents/GitHub/EE2026-Star-War/project_123.xpr/project_1/project_1.srcs/sources_1/imports/Integration/FDPvivado1.srcs/FDPvivado1.srcs/sources_1/new/enemy_move.v'.
CRITICAL WARNING: [Project 1-311] Could not find the file 'D:/桌面/EE2026-Star-War-main/EE2026-Star-War-main/project_123.xpr/project_1/project_1.srcs/sources_1/new/enemy_move2.v', nor could it be found using path 'C:/Users/XuZihao/Documents/GitHub/EE2026-Star-War/project_123.xpr/project_1/project_1.srcs/sources_1/new/enemy_move2.v'.
CRITICAL WARNING: [Project 1-311] Could not find the file 'D:/桌面/EE2026-Star-War-main/EE2026-Star-War-main/project_123.xpr/project_1/project_1.srcs/sources_1/new/enemy_package.v', nor could it be found using path 'C:/Users/XuZihao/Documents/GitHub/EE2026-Star-War/project_123.xpr/project_1/project_1.srcs/sources_1/new/enemy_package.v'.
CRITICAL WARNING: [Project 1-311] Could not find the file 'D:/桌面/EE2026-Star-War-main/EE2026-Star-War-main/project_123.xpr/project_1/project_1.srcs/sources_1/imports/Integration/FDPvivado1.srcs/FDPvivado1.srcs/sources_1/new/enemy_unit.v', nor could it be found using path 'C:/Users/XuZihao/Documents/GitHub/EE2026-Star-War/project_123.xpr/project_1/project_1.srcs/sources_1/imports/Integration/FDPvivado1.srcs/FDPvivado1.srcs/sources_1/new/enemy_unit.v'.
CRITICAL WARNING: [Project 1-311] Could not find the file 'D:/桌面/EE2026-Star-War-main/EE2026-Star-War-main/project_123.xpr/project_1/project_1.srcs/sources_1/new/enemy_unit2.v', nor could it be found using path 'C:/Users/XuZihao/Documents/GitHub/EE2026-Star-War/project_123.xpr/project_1/project_1.srcs/sources_1/new/enemy_unit2.v'.
CRITICAL WARNING: [Project 1-311] Could not find the file 'D:/桌面/EE2026-Star-War-main/EE2026-Star-War-main/project_123.xpr/project_1/project_1.srcs/sources_1/new/move_pulse.v', nor could it be found using path 'C:/Users/XuZihao/Documents/GitHub/EE2026-Star-War/project_123.xpr/project_1/project_1.srcs/sources_1/new/move_pulse.v'.
CRITICAL WARNING: [Project 1-311] Could not find the file 'D:/桌面/EE2026-Star-War-main/EE2026-Star-War-main/project_123.xpr/project_1/project_1.srcs/sources_1/imports/Integration/FDPvivado1.srcs/FDPvivado1.srcs/sources_1/new/position_check.v', nor could it be found using path 'C:/Users/XuZihao/Documents/GitHub/EE2026-Star-War/project_123.xpr/project_1/project_1.srcs/sources_1/imports/Integration/FDPvivado1.srcs/FDPvivado1.srcs/sources_1/new/position_check.v'.
CRITICAL WARNING: [Project 1-311] Could not find the file 'D:/桌面/EE2026-Star-War-main/EE2026-Star-War-main/project_123.xpr/project_1/project_1.srcs/sources_1/new/position_check2.v', nor could it be found using path 'C:/Users/XuZihao/Documents/GitHub/EE2026-Star-War/project_123.xpr/project_1/project_1.srcs/sources_1/new/position_check2.v'.
CRITICAL WARNING: [Project 1-311] Could not find the file 'D:/桌面/EE2026-Star-War-main/EE2026-Star-War-main/project_123.xpr/project_1/project_1.srcs/sources_1/new/reset_enemy_new.v', nor could it be found using path 'C:/Users/XuZihao/Documents/GitHub/EE2026-Star-War/project_123.xpr/project_1/project_1.srcs/sources_1/new/reset_enemy_new.v'.
CRITICAL WARNING: [Project 1-311] Could not find the file 'D:/桌面/EE2026-Star-War-main/EE2026-Star-War-main/project_123.xpr/project_1/project_1.srcs/sources_1/new/reset_enemy_new2.v', nor could it be found using path 'C:/Users/XuZihao/Documents/GitHub/EE2026-Star-War/project_123.xpr/project_1/project_1.srcs/sources_1/new/reset_enemy_new2.v'.
CRITICAL WARNING: [Project 1-311] Could not find the file 'D:/桌面/EE2026-Star-War-main/EE2026-Star-War-main/project_1/project_1.srcs/sources_1/imports/Integration/FDPvivado1.srcs/FDPvivado1.srcs/sources_1/new/clk_move.v', nor could it be found using path 'C:/Users/XuZihao/Documents/GitHub/EE2026-Star-War/project_1/project_1.srcs/sources_1/imports/Integration/FDPvivado1.srcs/FDPvivado1.srcs/sources_1/new/clk_move.v'.
CRITICAL WARNING: [Project 1-311] Could not find the file 'D:/桌面/EE2026-Star-War-main/EE2026-Star-War-main/project_1/project_1.srcs/sources_1/imports/Integration/FDPvivado1.srcs/FDPvivado1.srcs/sources_1/new/reset_enemy_module.v', nor could it be found using path 'C:/Users/XuZihao/Documents/GitHub/EE2026-Star-War/project_1/project_1.srcs/sources_1/imports/Integration/FDPvivado1.srcs/FDPvivado1.srcs/sources_1/new/reset_enemy_module.v'.
Scanning sources...
Finished scanning sources
INFO: [IP_Flow 19-234] Refreshing IP repositories
INFO: [IP_Flow 19-1704] No user IP repositories specified
INFO: [IP_Flow 19-2313] Loaded Vivado IP repository 'D:/Vivado_new/Vivado/2018.2/data/ip'.
open_project: Time (s): cpu = 00:00:28 ; elapsed = 00:00:15 . Memory (MB): peak = 839.715 ; gain = 139.191
update_compile_order -fileset sources_1
add_files -norecurse {D:/桌面/EE2026-Star-War-main/EE2026-Star-War-main/project_123.xpr/project_1/project_1.srcs/sources_1/imports/source/enemy_master.v {D:/桌面/EE2026-Star-War-main/EE2026-Star-War-main/project_123.xpr/project_1/project_1.srcs/sources_1/imports/source/reset_enemy_new2 .v} D:/桌面/EE2026-Star-War-main/EE2026-Star-War-main/project_123.xpr/project_1/project_1.srcs/sources_1/imports/source/position_check2.v D:/桌面/EE2026-Star-War-main/EE2026-Star-War-main/project_123.xpr/project_1/project_1.srcs/sources_1/imports/source/reset_enemy_new.v D:/桌面/EE2026-Star-War-main/EE2026-Star-War-main/project_123.xpr/project_1/project_1.srcs/sources_1/imports/source/boss_unit.v D:/桌面/EE2026-Star-War-main/EE2026-Star-War-main/project_123.xpr/project_1/project_1.srcs/sources_1/imports/source/boss_position_check.v D:/桌面/EE2026-Star-War-main/EE2026-Star-War-main/project_123.xpr/project_1/project_1.srcs/sources_1/imports/source/enemy_package.v D:/桌面/EE2026-Star-War-main/EE2026-Star-War-main/project_123.xpr/project_1/project_1.srcs/sources_1/imports/source/unchanged/enemy_move.v D:/桌面/EE2026-Star-War-main/EE2026-Star-War-main/project_123.xpr/project_1/project_1.srcs/sources_1/imports/source/unchanged/enemy_unit.v D:/桌面/EE2026-Star-War-main/EE2026-Star-War-main/project_123.xpr/project_1/project_1.srcs/sources_1/imports/source/boss_move_pulse.v D:/桌面/EE2026-Star-War-main/EE2026-Star-War-main/project_123.xpr/project_1/project_1.srcs/sources_1/imports/source/unchanged/position_check.v D:/桌面/EE2026-Star-War-main/EE2026-Star-War-main/project_123.xpr/project_1/project_1.srcs/sources_1/imports/source/enemy_unit2.v D:/桌面/EE2026-Star-War-main/EE2026-Star-War-main/project_123.xpr/project_1/project_1.srcs/sources_1/imports/source/boss_move.v D:/桌面/EE2026-Star-War-main/EE2026-Star-War-main/project_123.xpr/project_1/project_1.srcs/sources_1/imports/source/enemy_move2.v D:/桌面/EE2026-Star-War-main/EE2026-Star-War-main/project_123.xpr/project_1/project_1.srcs/sources_1/imports/source/move_pulse.v}
update_compile_order -fileset sources_1
export_ip_user_files -of_objects  [get_files D:/桌面/EE2026-Star-War-main/EE2026-Star-War-main/project_123.xpr/project_1/project_1.srcs/sources_1/imports/source/boss_move_pulse.v] -no_script -reset -force -quiet
remove_files  D:/桌面/EE2026-Star-War-main/EE2026-Star-War-main/project_123.xpr/project_1/project_1.srcs/sources_1/imports/source/boss_move_pulse.v
export_ip_user_files -of_objects  [get_files D:/桌面/EE2026-Star-War-main/EE2026-Star-War-main/project_1/project_1.srcs/sources_1/imports/Integration/FDPvivado1.srcs/FDPvivado1.srcs/sources_1/new/clk_move.v] -no_script -reset -force -quiet
remove_files  D:/桌面/EE2026-Star-War-main/EE2026-Star-War-main/project_1/project_1.srcs/sources_1/imports/Integration/FDPvivado1.srcs/FDPvivado1.srcs/sources_1/new/clk_move.v
export_ip_user_files -of_objects  [get_files D:/桌面/EE2026-Star-War-main/EE2026-Star-War-main/project_123.xpr/project_1/project_1.srcs/sources_1/imports/Integration/FDPvivado1.srcs/FDPvivado1.srcs/sources_1/new/enemy_master.v] -no_script -reset -force -quiet
remove_files  D:/桌面/EE2026-Star-War-main/EE2026-Star-War-main/project_123.xpr/project_1/project_1.srcs/sources_1/imports/Integration/FDPvivado1.srcs/FDPvivado1.srcs/sources_1/new/enemy_master.v
export_ip_user_files -of_objects  [get_files D:/桌面/EE2026-Star-War-main/EE2026-Star-War-main/project_123.xpr/project_1/project_1.srcs/sources_1/imports/Integration/FDPvivado1.srcs/FDPvivado1.srcs/sources_1/new/enemy_move.v] -no_script -reset -force -quiet
remove_files  D:/桌面/EE2026-Star-War-main/EE2026-Star-War-main/project_123.xpr/project_1/project_1.srcs/sources_1/imports/Integration/FDPvivado1.srcs/FDPvivado1.srcs/sources_1/new/enemy_move.v
export_ip_user_files -of_objects  [get_files D:/桌面/EE2026-Star-War-main/EE2026-Star-War-main/project_123.xpr/project_1/project_1.srcs/sources_1/new/enemy_move2.v] -no_script -reset -force -quiet
remove_files  D:/桌面/EE2026-Star-War-main/EE2026-Star-War-main/project_123.xpr/project_1/project_1.srcs/sources_1/new/enemy_move2.v
remove_files  D:/桌面/EE2026-Star-War-main/EE2026-Star-War-main/project_123.xpr/project_1/project_1.srcs/sources_1/new/enemy_move2.v
WARNING: [Vivado 12-818] No files matched 'D:/桌面/EE2026-Star-War-main/EE2026-Star-War-main/project_123.xpr/project_1/project_1.srcs/sources_1/new/enemy_move2.v'
export_ip_user_files -of_objects  [get_files D:/桌面/EE2026-Star-War-main/EE2026-Star-War-main/project_123.xpr/project_1/project_1.srcs/sources_1/new/enemy_package.v] -no_script -reset -force -quiet
remove_files  D:/桌面/EE2026-Star-War-main/EE2026-Star-War-main/project_123.xpr/project_1/project_1.srcs/sources_1/new/enemy_package.v
export_ip_user_files -of_objects  [get_files D:/桌面/EE2026-Star-War-main/EE2026-Star-War-main/project_123.xpr/project_1/project_1.srcs/sources_1/imports/Integration/FDPvivado1.srcs/FDPvivado1.srcs/sources_1/new/enemy_unit.v] -no_script -reset -force -quiet
remove_files  D:/桌面/EE2026-Star-War-main/EE2026-Star-War-main/project_123.xpr/project_1/project_1.srcs/sources_1/imports/Integration/FDPvivado1.srcs/FDPvivado1.srcs/sources_1/new/enemy_unit.v
export_ip_user_files -of_objects  [get_files D:/桌面/EE2026-Star-War-main/EE2026-Star-War-main/project_123.xpr/project_1/project_1.srcs/sources_1/new/enemy_unit2.v] -no_script -reset -force -quiet
remove_files  D:/桌面/EE2026-Star-War-main/EE2026-Star-War-main/project_123.xpr/project_1/project_1.srcs/sources_1/new/enemy_unit2.v
export_ip_user_files -of_objects  [get_files D:/桌面/EE2026-Star-War-main/EE2026-Star-War-main/project_123.xpr/project_1/project_1.srcs/sources_1/new/reset_enemy_new2.v] -no_script -reset -force -quiet
remove_files  D:/桌面/EE2026-Star-War-main/EE2026-Star-War-main/project_123.xpr/project_1/project_1.srcs/sources_1/new/reset_enemy_new2.v
export_ip_user_files -of_objects  [get_files D:/桌面/EE2026-Star-War-main/EE2026-Star-War-main/project_123.xpr/project_1/project_1.srcs/sources_1/new/reset_enemy_new.v] -no_script -reset -force -quiet
remove_files  D:/桌面/EE2026-Star-War-main/EE2026-Star-War-main/project_123.xpr/project_1/project_1.srcs/sources_1/new/reset_enemy_new.v
export_ip_user_files -of_objects  [get_files D:/桌面/EE2026-Star-War-main/EE2026-Star-War-main/project_1/project_1.srcs/sources_1/imports/Integration/FDPvivado1.srcs/FDPvivado1.srcs/sources_1/new/reset_enemy_module.v] -no_script -reset -force -quiet
remove_files  D:/桌面/EE2026-Star-War-main/EE2026-Star-War-main/project_1/project_1.srcs/sources_1/imports/Integration/FDPvivado1.srcs/FDPvivado1.srcs/sources_1/new/reset_enemy_module.v
export_ip_user_files -of_objects  [get_files D:/桌面/EE2026-Star-War-main/EE2026-Star-War-main/project_123.xpr/project_1/project_1.srcs/sources_1/new/position_check2.v] -no_script -reset -force -quiet
remove_files  D:/桌面/EE2026-Star-War-main/EE2026-Star-War-main/project_123.xpr/project_1/project_1.srcs/sources_1/new/position_check2.v
export_ip_user_files -of_objects  [get_files D:/桌面/EE2026-Star-War-main/EE2026-Star-War-main/project_123.xpr/project_1/project_1.srcs/sources_1/new/move_pulse.v] -no_script -reset -force -quiet
remove_files  D:/桌面/EE2026-Star-War-main/EE2026-Star-War-main/project_123.xpr/project_1/project_1.srcs/sources_1/new/move_pulse.v
export_ip_user_files -of_objects  [get_files D:/桌面/EE2026-Star-War-main/EE2026-Star-War-main/project_123.xpr/project_1/project_1.srcs/sources_1/imports/Integration/FDPvivado1.srcs/FDPvivado1.srcs/sources_1/new/position_check.v] -no_script -reset -force -quiet
remove_files  D:/桌面/EE2026-Star-War-main/EE2026-Star-War-main/project_123.xpr/project_1/project_1.srcs/sources_1/imports/Integration/FDPvivado1.srcs/FDPvivado1.srcs/sources_1/new/position_check.v
reset_run synth_1
launch_runs impl_1 -to_step write_bitstream -jobs 8
[Tue Nov  4 13:04:54 2025] Launched synth_1...
Run output will be captured here: D:/桌面/EE2026-Star-War-main/EE2026-Star-War-main/project_123.xpr/project_1/project_1.runs/synth_1/runme.log
[Tue Nov  4 13:04:54 2025] Launched impl_1...
Run output will be captured here: D:/桌面/EE2026-Star-War-main/EE2026-Star-War-main/project_123.xpr/project_1/project_1.runs/impl_1/runme.log
reset_run synth_1
launch_runs impl_1 -to_step write_bitstream -jobs 8
[Tue Nov  4 13:09:54 2025] Launched synth_1...
Run output will be captured here: D:/桌面/EE2026-Star-War-main/EE2026-Star-War-main/project_123.xpr/project_1/project_1.runs/synth_1/runme.log
[Tue Nov  4 13:09:54 2025] Launched impl_1...
Run output will be captured here: D:/桌面/EE2026-Star-War-main/EE2026-Star-War-main/project_123.xpr/project_1/project_1.runs/impl_1/runme.log
close_project
create_project project_new D:/EE2026-Star-War-main/EE2026-Star-War-main/project_123.xpr/project_new -part xc7a35tcpg236-1
INFO: [IP_Flow 19-234] Refreshing IP repositories
INFO: [IP_Flow 19-1704] No user IP repositories specified
INFO: [IP_Flow 19-2313] Loaded Vivado IP repository 'D:/Vivado_new/Vivado/2018.2/data/ip'.
create_project: Time (s): cpu = 00:00:08 ; elapsed = 00:00:05 . Memory (MB): peak = 879.082 ; gain = 0.172
add_files {{D:/桌面/EE2026-Star-War-main/EE2026-Star-War-main/project_123.xpr/project_1/project_1.srcs/sources_1/imports/source/reset_enemy_new2 .v} D:/桌面/EE2026-Star-War-main/EE2026-Star-War-main/project_123.xpr/project_1/project_1.srcs/sources_1/imports/source/reset_enemy_new.v D:/桌面/EE2026-Star-War-main/EE2026-Star-War-main/project_123.xpr/project_1/project_1.srcs/sources_1/new/bullet_CD_display.v D:/桌面/EE2026-Star-War-main/EE2026-Star-War-main/project_123.xpr/project_1/project_1.srcs/sources_1/new/priority_module.v D:/桌面/EE2026-Star-War-main/EE2026-Star-War-main/project_123.xpr/project_1/project_1.srcs/sources_1/new/play.v D:/桌面/EE2026-Star-War-main/EE2026-Star-War-main/project_123.xpr/project_1/project_1.srcs/sources_1/imports/Integration/space_invader_draft.srcs/sources_1/new/starship.v D:/桌面/EE2026-Star-War-main/EE2026-Star-War-main/project_123.xpr/project_1/project_1.srcs/sources_1/imports/source/boss_position_check.v D:/桌面/EE2026-Star-War-main/EE2026-Star-War-main/project_123.xpr/project_1/project_1.srcs/sources_1/new/over.v D:/桌面/EE2026-Star-War-main/EE2026-Star-War-main/project_123.xpr/project_1/project_1.srcs/sources_1/new/intro3.v D:/桌面/EE2026-Star-War-main/EE2026-Star-War-main/project_123.xpr/project_1/project_1.srcs/sources_1/new/intro2.v D:/桌面/EE2026-Star-War-main/EE2026-Star-War-main/project_123.xpr/project_1/project_1.srcs/sources_1/new/intro.v D:/桌面/EE2026-Star-War-main/EE2026-Star-War-main/project_123.xpr/project_1/project_1.srcs/sources_1/new/state_crl.v D:/桌面/EE2026-Star-War-main/EE2026-Star-War-main/project_123.xpr/project_1/project_1.srcs/sources_1/imports/source/unchanged/enemy_move.v D:/桌面/EE2026-Star-War-main/EE2026-Star-War-main/project_123.xpr/project_1/project_1.srcs/sources_1/new/clk_625m.v D:/桌面/EE2026-Star-War-main/EE2026-Star-War-main/project_123.xpr/project_1/project_1.srcs/sources_1/imports/source/boss_move_pulse.v D:/桌面/EE2026-Star-War-main/EE2026-Star-War-main/project_123.xpr/project_1/project_1.srcs/sources_1/new/skill1.v D:/桌面/EE2026-Star-War-main/EE2026-Star-War-main/project_123.xpr/project_1/project_1.srcs/sources_1/new/skill2.v D:/桌面/EE2026-Star-War-main/EE2026-Star-War-main/project_123.xpr/project_1/project_1.srcs/sources_1/new/Top_student.v D:/桌面/EE2026-Star-War-main/EE2026-Star-War-main/project_123.xpr/project_1/project_1.srcs/sources_1/imports/source/move_pulse.v D:/桌面/EE2026-Star-War-main/EE2026-Star-War-main/project_123.xpr/project_1/project_1.srcs/sources_1/imports/source/enemy_master.v D:/桌面/EE2026-Star-War-main/EE2026-Star-War-main/project_123.xpr/project_1/project_1.srcs/sources_1/new/bullet_module.v D:/桌面/EE2026-Star-War-main/EE2026-Star-War-main/project_123.xpr/project_1/project_1.srcs/sources_1/new/introduction1.v D:/桌面/EE2026-Star-War-main/EE2026-Star-War-main/project_123.xpr/project_1/project_1.srcs/sources_1/imports/source/position_check2.v D:/桌面/EE2026-Star-War-main/EE2026-Star-War-main/project_123.xpr/project_1/project_1.srcs/sources_1/imports/source/boss_unit.v D:/桌面/EE2026-Star-War-main/EE2026-Star-War-main/project_123.xpr/project_1/project_1.srcs/sources_1/imports/Integration/space_invader_draft.srcs/sources_1/new/xy_coordinate.v D:/桌面/EE2026-Star-War-main/EE2026-Star-War-main/project_123.xpr/project_1/project_1.srcs/sources_1/new/pulse.v D:/桌面/EE2026-Star-War-main/EE2026-Star-War-main/project_123.xpr/project_1/project_1.srcs/sources_1/new/score_display.v D:/桌面/EE2026-Star-War-main/EE2026-Star-War-main/project_123.xpr/project_1/project_1.srcs/sources_1/new/hp_bar.v D:/桌面/EE2026-Star-War-main/EE2026-Star-War-main/project_123.xpr/project_1/project_1.srcs/sources_1/new/difficulty_choose.v D:/桌面/EE2026-Star-War-main/EE2026-Star-War-main/project_123.xpr/project_1/project_1.srcs/sources_1/imports/Integration/space_invader_draft.srcs/sources_1/new/Oled_Display.v D:/桌面/EE2026-Star-War-main/EE2026-Star-War-main/project_123.xpr/project_1/project_1.srcs/sources_1/imports/source/enemy_package.v D:/桌面/EE2026-Star-War-main/EE2026-Star-War-main/project_123.xpr/project_1/project_1.srcs/sources_1/imports/source/unchanged/enemy_unit.v D:/桌面/EE2026-Star-War-main/EE2026-Star-War-main/project_123.xpr/project_1/project_1.srcs/sources_1/imports/source/unchanged/position_check.v D:/桌面/EE2026-Star-War-main/EE2026-Star-War-main/project_123.xpr/project_1/project_1.srcs/sources_1/imports/Integration/space_invader_draft.srcs/sources_1/new/starship_design.v D:/桌面/EE2026-Star-War-main/EE2026-Star-War-main/project_123.xpr/project_1/project_1.srcs/sources_1/imports/source/enemy_unit2.v D:/桌面/EE2026-Star-War-main/EE2026-Star-War-main/project_123.xpr/project_1/project_1.srcs/sources_1/new/Start.v D:/桌面/EE2026-Star-War-main/EE2026-Star-War-main/project_123.xpr/project_1/project_1.srcs/sources_1/new/begining.v D:/桌面/EE2026-Star-War-main/EE2026-Star-War-main/project_123.xpr/project_1/project_1.srcs/sources_1/imports/source/boss_move.v D:/桌面/EE2026-Star-War-main/EE2026-Star-War-main/project_123.xpr/project_1/project_1.srcs/sources_1/imports/source/enemy_move2.v D:/桌面/EE2026-Star-War-main/EE2026-Star-War-main/project_123.xpr/project_1/project_1.srcs/sources_1/new/on_press.v}
add_files -fileset constrs_1 -norecurse D:/桌面/EE2026-Star-War-main/EE2026-Star-War-main/project_123.xpr/project_1/project_1.srcs/constrs_1/new/my_constriant.xdc
update_compile_order -fileset sources_1
update_compile_order -fileset sources_1
launch_runs impl_1 -to_step write_bitstream -jobs 8
[Tue Nov  4 13:15:18 2025] Launched synth_1...
Run output will be captured here: D:/EE2026-Star-War-main/EE2026-Star-War-main/project_123.xpr/project_new/project_new.runs/synth_1/runme.log
[Tue Nov  4 13:15:18 2025] Launched impl_1...
Run output will be captured here: D:/EE2026-Star-War-main/EE2026-Star-War-main/project_123.xpr/project_new/project_new.runs/impl_1/runme.log
archive_project D:/EE2026-Star-War-main/EE2026-Star-War-main/project_123.xpr/project_new.xpr.zip -temp_dir D://EE2026-Star-War-main/EE2026-Star-War-main/project_123.xpr/project_1/.Xil/Vivado-38412-LAPTOP-M0VLB5UJ -force -include_local_ip_cache -include_config_settings
INFO: [Coretcl 2-137] starting archive...
INFO: [Coretcl 2-1499] Saving project copy to temporary location 'D:/EE2026-Star-War-main/EE2026-Star-War-main/project_123.xpr/project_1/.Xil/Vivado-38412-LAPTOP-M0VLB5UJ' for archiving project
Scanning sources...
Finished scanning sources
INFO: [Coretcl 2-1211] Creating project copy for archival...
INFO: [ProjectBase 1-495] The host OS only allows 260 characters in a normal path. The project is stored in a path with more than 80 characters. If you experience any problem with archiving the project, please consider setting environment variable $TEMP to a shorter path.
Current project path is 'D:/EE2026-Star-War-main/EE2026-Star-War-main/project_123.xpr/project_1/.Xil/Vivado-38412-LAPTOP-M0VLB5UJ/PrjAr/_X_'.
INFO: [Coretcl 2-1213] Including run results for 'synth_1'
INFO: [Coretcl 2-1213] Including run results for 'impl_1'
INFO: [Coretcl 2-1212] Importing remotely added design sources and verilog include files (if any)...
INFO: [filemgmt 20-348] Importing the appropriate files for fileset: 'constrs_1'
INFO: [filemgmt 20-348] Importing the appropriate files for fileset: 'sources_1'
