#-----------------------------------------------------------
# Vivado v2018.2 (64-bit)
# SW Build 2258646 on Thu Jun 14 20:03:12 MDT 2018
# IP Build 2256618 on Thu Jun 14 22:10:49 MDT 2018
# Start of session at: Tue Nov  4 17:33:56 2025
# Process ID: 35156
# Current directory: D:/github/EE2026-Star-War/project new
# Command line: vivado.exe -gui_launcher_event rodinguilauncherevent24664 D:\github\EE2026-Star-War\project new\project_new.xpr
# Log file: D:/github/EE2026-Star-War/project new/vivado.log
# Journal file: D:/github/EE2026-Star-War/project new\vivado.jou
#-----------------------------------------------------------
start_gui
open_project {D:/github/EE2026-Star-War/project new/project_new.xpr}
Scanning sources...
Finished scanning sources
INFO: [IP_Flow 19-234] Refreshing IP repositories
INFO: [IP_Flow 19-1704] No user IP repositories specified
INFO: [IP_Flow 19-2313] Loaded Vivado IP repository 'D:/Xilinx/Vivado/2018.2/data/ip'.
open_project: Time (s): cpu = 00:00:02 ; elapsed = 00:00:07 . Memory (MB): peak = 934.316 ; gain = 165.637
update_compile_order -fileset sources_1
update_compile_order -fileset sources_1
update_compile_order -fileset sources_1
reset_run synth_1
launch_runs impl_1 -to_step write_bitstream -jobs 11
[Tue Nov  4 17:48:37 2025] Launched synth_1...
Run output will be captured here: D:/github/EE2026-Star-War/project new/project_new.runs/synth_1/runme.log
[Tue Nov  4 17:48:37 2025] Launched impl_1...
Run output will be captured here: D:/github/EE2026-Star-War/project new/project_new.runs/impl_1/runme.log
reset_run synth_1
launch_runs impl_1 -to_step write_bitstream -jobs 11
[Tue Nov  4 18:03:46 2025] Launched synth_1...
Run output will be captured here: D:/github/EE2026-Star-War/project new/project_new.runs/synth_1/runme.log
[Tue Nov  4 18:03:46 2025] Launched impl_1...
Run output will be captured here: D:/github/EE2026-Star-War/project new/project_new.runs/impl_1/runme.log
