#-----------------------------------------------------------
# Vivado v2018.2 (64-bit)
# SW Build 2258646 on Thu Jun 14 20:03:12 MDT 2018
# IP Build 2256618 on Thu Jun 14 22:10:49 MDT 2018
# Start of session at: Mon Oct 27 10:10:04 2025
# Process ID: 49240
# Current directory: D:/github/EE2026-Star-War/project_1
# Command line: vivado.exe -gui_launcher_event rodinguilauncherevent3796 D:\github\EE2026-Star-War\project_1\project_1.xpr
# Log file: D:/github/EE2026-Star-War/project_1/vivado.log
# Journal file: D:/github/EE2026-Star-War/project_1\vivado.jou
#-----------------------------------------------------------
start_gui
open_project D:/github/EE2026-Star-War/project_1/project_1.xpr
CRITICAL WARNING: [Project 1-19] Could not find the file 'D:/github/EE2026-Star-War/project_1/project_1.srcs/sources_1/imports/Integration/FDPvivado1.srcs/FDPvivado1.srcs/sources_1/new/clk_move.v'.
CRITICAL WARNING: [Project 1-19] Could not find the file 'D:/github/EE2026-Star-War/project_1/project_1.srcs/sources_1/imports/Integration/FDPvivado1.srcs/FDPvivado1.srcs/sources_1/new/reset_enemy_module.v'.
Scanning sources...
Finished scanning sources
INFO: [IP_Flow 19-234] Refreshing IP repositories
INFO: [IP_Flow 19-1704] No user IP repositories specified
INFO: [IP_Flow 19-2313] Loaded Vivado IP repository 'D:/Xilinx/Vivado/2018.2/data/ip'.
open_project: Time (s): cpu = 00:00:02 ; elapsed = 00:00:06 . Memory (MB): peak = 848.035 ; gain = 126.367
update_compile_order -fileset sources_1
reset_run synth_1
launch_runs impl_1 -to_step write_bitstream -jobs 11
[Mon Oct 27 10:10:47 2025] Launched synth_1...
Run output will be captured here: D:/github/EE2026-Star-War/project_1/project_1.runs/synth_1/runme.log
[Mon Oct 27 10:10:47 2025] Launched impl_1...
Run output will be captured here: D:/github/EE2026-Star-War/project_1/project_1.runs/impl_1/runme.log
exit
INFO: [Common 17-206] Exiting Vivado at Mon Oct 27 11:00:05 2025...
