#-----------------------------------------------------------
# Vivado v2018.2 (64-bit)
# SW Build 2258646 on Thu Jun 14 20:03:12 MDT 2018
# IP Build 2256618 on Thu Jun 14 22:10:49 MDT 2018
# Start of session at: Sun Oct 26 12:29:43 2025
# Process ID: 44148
# Current directory: D:/github/EE2026-Star-War/project_1
# Command line: vivado.exe -gui_launcher_event rodinguilauncherevent9428 D:\github\EE2026-Star-War\project_1\project_1.xpr
# Log file: D:/github/EE2026-Star-War/project_1/vivado.log
# Journal file: D:/github/EE2026-Star-War/project_1\vivado.jou
#-----------------------------------------------------------
start_gui
open_project D:/github/EE2026-Star-War/project_1/project_1.xpr
INFO: [Project 1-313] Project file moved from 'C:/Users/XuZihao/Downloads/Telegram Desktop/project_1234.xpr/project_1' since last save.
Scanning sources...
Finished scanning sources
INFO: [IP_Flow 19-234] Refreshing IP repositories
INFO: [IP_Flow 19-1704] No user IP repositories specified
INFO: [IP_Flow 19-2313] Loaded Vivado IP repository 'D:/Xilinx/Vivado/2018.2/data/ip'.
open_project: Time (s): cpu = 00:00:05 ; elapsed = 00:00:08 . Memory (MB): peak = 852.625 ; gain = 96.031
update_compile_order -fileset sources_1
open_hw
update_compile_order -fileset sources_1
exit
INFO: [Common 17-206] Exiting Vivado at Sun Oct 26 12:31:12 2025...
